(.venv) PS C:\quantbase-services\services\b3-econophysics-ai> docker exec -it quantbase-clickhouse-dev clickhouse-client --query "SELECT
    symbol,
    any(company_name) AS company_name,
    any(tipo_mercado) AS tipo_mercado,
    any(cod_bdi) AS cod_bdi,
    any(specification) AS specification,
    min(date) AS first_date,
    max(date) AS last_date,
    count() AS n_days,
    round(avg(financial_volume), 2) AS avg_financial_volume
FROM (
    SELECT symbol, company_name, tipo_mercado, cod_bdi, specification, date, financial_volume
    FROM quantbase.candles_1d
    WHERE date BETWEEN '1998-03-16' AND '2025-12-31'
      AND adj_close > 0
      AND cod_bdi = '02'
      AND specification NOT LIKE '%DR%'
)
GROUP BY symbol
HAVING n_days >= 1000
ORDER BY avg_financial_volume DESC
LIMIT 150;" --format PrettyCompact
     ┌─symbol─┬─company_name─┬─tipo_mercado─┬─cod_bdi─┬─specification─┬─first_date─┬──last_date─┬─n_days─┬─avg_financial_volume─┐
  1. │ PETR4  │ PETROBRAS    │ 010          │ 02      │ PN            │ 1998-03-16 │ 2025-12-30 │   6838 │         748331124.81 │ -- 748.33 million
  2. │ ITUB4  │ ITAUUNIBANCO │ 010          │ 02      │ PN  EJ  N1    │ 2009-05-20 │ 2025-12-30 │   4120 │         589733553.43 │ -- 589.73 million
  3. │ VALE3  │ VALE R DOCE  │ 010          │ 02      │ ON      N1    │ 1998-03-16 │ 2025-12-30 │   6858 │         556465884.36 │ -- 556.47 million
  4. │ B3SA3  │ B3           │ 010          │ 02      │ ON      NM    │ 2018-03-26 │ 2025-12-30 │   1932 │         522335614.56 │ -- 522.34 million
  5. │ ABEV3  │ AMBEV S/A    │ 010          │ 02      │ ON            │ 2013-11-11 │ 2025-12-30 │   3009 │         328985034.31 │ -- 328.99 million
  6. │ SUZB3  │ SUZANO S.A.  │ 010          │ 02      │ ON      NM    │ 2017-11-10 │ 2025-12-30 │   2020 │         318025781.39 │ -- 318.03 million
  7. │ BBDC4  │ BRADESCO     │ 010          │ 02      │ PN  EJ  N1    │ 1998-03-16 │ 2025-12-30 │   6887 │         298053005.44 │ -- 298.05 million
  8. │ MGLU3  │ MAGAZ LUIZA  │ 010          │ 02      │ ON      NM    │ 2011-05-02 │ 2025-12-30 │   3640 │         256930679.01 │ -- 256.93 million
  9. │ NTCO3  │ GRUPO NATURA │ 010          │ 02      │ ON      NM    │ 2019-12-18 │ 2025-07-01 │   1375 │         242704124.63 │ -- 242.70 million
 10. │ BPAC11 │ BTGP BANCO   │ 010          │ 02      │ UNT     N2    │ 2017-02-16 │ 2025-12-30 │   2180 │         230101396.28 │ -- 230.10 million
 11. │ PRIO3  │ PETRORIO     │ 010          │ 02      │ ON      NM    │ 2015-06-26 │ 2025-12-30 │   2609 │         221183077.36 │ -- 221.18 million
 12. │ BBAS3  │ BRASIL       │ 010          │ 02      │ ON            │ 1998-03-16 │ 2025-12-30 │   6868 │         219435495.03 │ -- 219.44 million
 13. │ HAPV3  │ HAPVIDA      │ 010          │ 02      │ ON      NM    │ 2018-04-25 │ 2025-12-30 │   1911 │         213609220.65 │ -- 213.61 million
 14. │ PETR3  │ PETROBRAS    │ 010          │ 02      │ ON            │ 1998-03-16 │ 2025-12-30 │   6834 │         197975329.93 │ -- 197.98 million
 15. │ VBBR3  │ VIBRA        │ 010          │ 02      │ ON  EJB NM    │ 2021-10-22 │ 2025-12-30 │   1046 │         197562572.07 │ -- 197.56 million
 16. │ RAIL3  │ RUMO S.A.    │ 010          │ 02      │ ON      NM    │ 2017-03-13 │ 2025-12-30 │   2187 │         197460840.39 │ -- 197.46 million
 17. │ RDOR3  │ REDE D OR    │ 010          │ 02      │ ON      NM    │ 2020-12-10 │ 2025-12-30 │   1259 │         177670139.98 │ -- 177.67 million
 18. │ ASAI3  │ ASSAI        │ 010          │ 02      │ ON      NM    │ 2021-03-01 │ 2025-12-30 │   1209 │         177084415.02 │ -- 177.08 million
 19. │ AZUL4  │ AZUL         │ 010          │ 02      │ PN      N2    │ 2017-04-11 │ 2025-05-28 │   2016 │         164575751.74 │ -- 164.58 million
 20. │ BRFS3  │ BRF SA       │ 010          │ 02      │ ON      NM    │ 2009-12-10 │ 2025-09-22 │   3912 │         146210338.91 │ -- 146.21 million
 21. │ JBSS3  │ JBS          │ 010          │ 02      │ ON      NM    │ 2007-03-29 │ 2025-06-06 │   4474 │         143765861.08 │ -- 143.77 million
 22. │ RENT3  │ LOCALIZA     │ 010          │ 02      │ ON      NM    │ 2005-05-23 │ 2025-12-30 │   5107 │         142922352.82 │ -- 142.92 million
 23. │ BBSE3  │ BBSEGURIDADE │ 010          │ 02      │ ON      NM    │ 2013-04-29 │ 2025-12-30 │   3018 │         140632786.82 │ -- 140.63 million
 24. │ COGN3  │ COGNA ON     │ 010          │ 02      │ ON      NM    │ 2019-10-11 │ 2025-12-30 │   1548 │         139998915.07 │ -- 140.00 million
 25. │ LREN3  │ LOJAS RENNER │ 010          │ 02      │ ON *          │ 1998-06-09 │ 2025-12-30 │   5093 │         139808769.13 │ -- 139.81 million
 26. │ GGBR4  │ GERDAU       │ 010          │ 02      │ PN  EDJ N1    │ 2001-02-01 │ 2025-12-30 │   6175 │         136469956.55 │ -- 136.47 million
 27. │ CIEL3  │ CIELO        │ 010          │ 02      │ ON      NM    │ 2009-12-18 │ 2024-08-26 │   3638 │         128469955.79 │ -- 128.47 million
 28. │ IRBR3  │ IRBBRASIL RE │ 010          │ 02      │ ON      NM    │ 2017-07-31 │ 2025-12-30 │   2091 │         127940364.63 │ -- 127.94 million
 29. │ ITSA4  │ ITAUSA       │ 010          │ 02      │ PN  EJ  N1    │ 1998-03-16 │ 2025-12-30 │   6886 │         124357041.51 │ -- 124.36 million
 30. │ WEGE3  │ WEG          │ 010          │ 02      │ ON      N1    │ 2004-09-08 │ 2025-12-30 │   4665 │         116576208.01 │ -- 116.58 million
 31. │ TIMS3  │ TIM          │ 010          │ 02      │ ON      NM    │ 2020-10-13 │ 2025-12-30 │   1300 │         106245520.02 │ -- 106.25 million
 32. │ RADL3  │ RAIADROGASIL │ 010          │ 02      │ ON      NM    │ 2011-12-19 │ 2025-12-30 │   3480 │         105904376.38 │ -- 105.90 million
 33. │ EQTL3  │ EQUATORIAL   │ 010          │ 02      │ ON      NM    │ 2008-04-07 │ 2025-12-30 │   4398 │          98935762.25 │ -- 98.94 million
 34. │ UGPA3  │ ULTRAPAR     │ 010          │ 02      │ ON *          │ 2002-12-17 │ 2025-12-30 │   3616 │          96766205.13 │ -- 96.77 million
 35. │ USIM5  │ USIMINAS     │ 010          │ 02      │ PNA           │ 1999-02-02 │ 2025-12-30 │   6670 │          95268904.34 │ -- 95.27 million
 36. │ KLBN11 │ KLABIN S/A   │ 010          │ 02      │ UNT     N2    │ 2014-01-23 │ 2025-12-30 │   2962 │          91466516.07 │ -- 91.47 million
 37. │ CSNA3  │ SID NACIONAL │ 010          │ 02      │ ON            │ 1998-03-16 │ 2025-12-30 │   6883 │          90736900.94 │ -- 90.74 million
 38. │ ELET3  │ ELETROBRAS   │ 010          │ 02      │ ON *          │ 1998-03-16 │ 2025-11-07 │   6821 │          88426517.23 │ -- 88.43 million
 39. │ CRFB3  │ CARREFOUR BR │ 010          │ 02      │ ON      NM    │ 2017-07-20 │ 2025-05-30 │   1950 │          86585167.16 │ -- 86.59 million
 40. │ LWSA3  │ LWSA         │ 010          │ 02      │ ON      NM    │ 2020-02-06 │ 2025-12-30 │   1470 │          81281382.42 │ -- 81.28 million
 41. │ YDUQ3  │ YDUQS PART   │ 010          │ 02      │ ON      NM    │ 2019-07-23 │ 2025-12-30 │   1606 │          78820267.87 │ -- 78.82 million
 42. │ CSAN3  │ COSAN        │ 010          │ 02      │ ON      NM    │ 2005-11-18 │ 2025-12-30 │   4983 │          77620872.36 │ -- 77.62 million
 43. │ PETZ3  │ PETZ         │ 010          │ 02      │ ON      NM    │ 2020-09-11 │ 2025-12-30 │   1321 │          77438370.33 │ -- 77.44 million
 44. │ HYPE3  │ HYPERA       │ 010          │ 02      │ ON      NM    │ 2008-04-18 │ 2025-12-30 │   4389 │          74554988.55 │ -- 74.55 million
 45. │ CYRE3  │ BRAZIL REALT │ 010          │ 02      │ ON            │ 2005-07-01 │ 2025-12-30 │   5065 │          71976864.43 │ -- 71.98 million
 46. │ PCAR3  │ P.ACUCAR-CBD │ 010          │ 02      │ ON *    N1    │ 2000-05-29 │ 2025-12-30 │   1549 │          71138925.26 │ -- 71.14 million
 47. │ SBSP3  │ SABESP       │ 010          │ 02      │ ON *    NM    │ 1998-03-16 │ 2025-12-30 │   6887 │          69491940.85 │ -- 69.49 million
 48. │ CCRO3  │ CCR RODOVIAS │ 010          │ 02      │ ON      NM    │ 2002-02-01 │ 2025-04-30 │   5666 │          67439012.56 │ -- 67.44 million
 49. │ ENEV3  │ ENEVA        │ 010          │ 02      │ ON  ATZ NM    │ 2013-10-22 │ 2025-12-30 │   2612 │          67270266.47 │ -- 67.27 million
 50. │ CMIG4  │ CEMIG        │ 010          │ 02      │ PN *    N1    │ 1998-03-16 │ 2025-12-30 │   6886 │          66468940.68 │ -- 66.47 million
 51. │ EMBR3  │ EMBRAER      │ 010          │ 02      │ ON  EJ        │ 1998-06-22 │ 2025-10-31 │   6693 │          65580414.15 │ -- 65.58 million
 52. │ CVCB3  │ CVC BRASIL   │ 010          │ 02      │ ON      NM    │ 2013-12-09 │ 2025-12-30 │   2991 │          63255787.81 │ -- 63.26 million
 53. │ IGTI11 │ IGUATEMI S.A │ 010          │ 02      │ UNT     N1    │ 2021-11-22 │ 2025-12-30 │   1027 │          61645597.52 │ -- 61.65 million
 54. │ SANB11 │ SANTANDER BR │ 010          │ 02      │ UNT           │ 2009-10-07 │ 2025-12-30 │   4023 │          61235226.55 │ -- 61.24 million
 55. │ MULT3  │ MULTIPLAN    │ 010          │ 02      │ ON      N2    │ 2007-07-27 │ 2025-12-30 │   4566 │          60605580.34 │ -- 60.61 million
 56. │ MRVE3  │ MRV          │ 010          │ 02      │ ON      NM    │ 2007-07-23 │ 2025-12-30 │   4570 │          58207318.72 │ -- 58.21 million
 57. │ RAIZ4  │ RAIZEN       │ 010          │ 02      │ PN      N2    │ 2021-08-05 │ 2025-12-30 │   1100 │          57649645.91 │ -- 57.65 million
 58. │ ENGI11 │ ENERGISA     │ 010          │ 02      │ UNT EDB N2    │ 2009-11-06 │ 2025-12-30 │   3293 │          57600163.89 │ -- 57.60 million
 59. │ EGIE3  │ ENGIE BRASIL │ 010          │ 02      │ ON  EB  NM    │ 2016-07-21 │ 2025-12-30 │   2346 │          57093125.69 │ -- 57.09 million
 60. │ CASH3  │ MELIUZ       │ 010          │ 02      │ ON      NM    │ 2020-11-05 │ 2025-12-30 │   1284 │          56520383.18 │ -- 56.52 million
 61. │ MRFG3  │ MARFRIG      │ 010          │ 02      │ ON      NM    │ 2007-06-29 │ 2025-09-22 │   4517 │          56371434.09 │ -- 56.37 million
 62. │ SMFT3  │ SMART FIT    │ 010          │ 02      │ ON      NM    │ 2021-07-14 │ 2025-12-30 │   1116 │          54830858.16 │ -- 54.83 million
 63. │ GOLL4  │ GOL          │ 010          │ 02      │ PN      N2    │ 2004-06-24 │ 2025-06-11 │   4853 │          54783609.66 │ -- 54.78 million
 64. │ VIVA3  │ VIVARA S.A.  │ 010          │ 02      │ ON      NM    │ 2019-10-10 │ 2025-12-30 │   1549 │          53945262.74 │ -- 53.95 million
 65. │ VAMO3  │ VAMOS        │ 010          │ 02      │ ON      NM    │ 2021-01-29 │ 2025-12-30 │   1228 │          53763961.31 │ -- 53.76 million
 66. │ TOTS3  │ TOTVS        │ 010          │ 02      │ ON      NM    │ 2006-03-09 │ 2025-12-30 │   4908 │          53320543.38 │ -- 53.32 million
 67. │ BRAP4  │ BRADESPAR    │ 010          │ 02      │ PN *    N1    │ 2000-08-10 │ 2025-12-30 │   6292 │          48918885.53 │ -- 48.92 million
 68. │ TAEE11 │ TAESA        │ 010          │ 02      │ UNT     N2    │ 2012-05-29 │ 2025-12-30 │   3366 │          48873167.66 │ -- 48.87 million
 69. │ BRKM5  │ BRASKEM      │ 010          │ 02      │ PNA*    N1    │ 2002-09-02 │ 2025-12-30 │   5750 │          48330993.33 │ -- 48.33 million
 70. │ CMIN3  │ CSNMINERACAO │ 010          │ 02      │ ON      N2    │ 2021-02-18 │ 2025-12-30 │   1216 │           47976267.2 │ -- 47.98 million
 71. │ QUAL3  │ QUALICORP    │ 010          │ 02      │ ON      NM    │ 2011-06-29 │ 2025-12-30 │   3599 │          45515351.59 │ -- 45.52 million
 72. │ RECV3  │ PETRORECSA   │ 010          │ 02      │ ON      NM    │ 2021-05-05 │ 2025-12-30 │   1164 │          45105387.02 │ -- 45.11 million
 73. │ GOAU4  │ GERDAU MET   │ 010          │ 02      │ PN  EDJ N1    │ 1998-03-16 │ 2025-12-30 │   6886 │          44086774.07 │ -- 44.09 million
 74. │ CXSE3  │ CAIXA SEGURI │ 010          │ 02      │ ON      NM    │ 2021-04-29 │ 2025-12-30 │   1136 │          43950520.15 │ -- 43.95 million
 75. │ VIVT3  │ TELEF BRASIL │ 010          │ 02      │ ON  EJ        │ 2011-10-06 │ 2025-12-30 │   3528 │          43893369.21 │ -- 43.89 million
 76. │ BBDC3  │ BRADESCO     │ 010          │ 02      │ ON  EJ  N1    │ 1998-03-16 │ 2025-12-30 │   6886 │          42507481.84 │ -- 42.51 million
 77. │ NATU3  │ NATURA       │ 010          │ 02      │ ON      NM    │ 2004-05-26 │ 2025-12-30 │   3977 │          42244251.24 │ -- 42.24 million
 78. │ ELET6  │ ELETROBRAS   │ 010          │ 02      │ PNB*          │ 1998-03-16 │ 2025-11-07 │   6820 │          41590732.91 │ -- 41.59 million
 79. │ NEOE3  │ NEOENERGIA   │ 010          │ 02      │ ON      NM    │ 2019-07-01 │ 2025-12-30 │   1621 │          40190213.04 │ -- 40.19 million
 80. │ OIBR4  │ OI           │ 010          │ 02      │ PN            │ 2012-04-09 │ 2023-03-02 │   1089 │          39891994.83 │ -- 39.89 million
 81. │ CPLE6  │ COPEL        │ 010          │ 02      │ PNB*          │ 1998-03-16 │ 2025-11-07 │   6853 │          37835476.39 │ -- 37.84 million
 82. │ CPFE3  │ CPFL ENERGIA │ 010          │ 02      │ ON      NM    │ 2004-09-29 │ 2025-12-30 │   5265 │          37321251.26 │ -- 37.32 million
 83. │ SAPR11 │ SANEPAR      │ 010          │ 02      │ UNT     N2    │ 2017-11-22 │ 2025-12-30 │   2014 │          37162459.76 │ -- 37.16 million
 84. │ GMAT3  │ GRUPO MATEUS │ 010          │ 02      │ ON  EJS NM    │ 2020-10-13 │ 2025-12-30 │   1300 │          36075000.65 │ -- 36.08 million
 85. │ ARZZ3  │ AREZZO CO    │ 010          │ 02      │ ON      NM    │ 2011-02-02 │ 2024-07-31 │   3345 │          34647669.02 │ -- 34.65 million
 86. │ INTB3  │ INTELBRAS    │ 010          │ 02      │ ON      NM    │ 2021-02-04 │ 2025-12-30 │   1224 │          34208507.63 │ -- 34.21 million
 87. │ BEEF3  │ MINERVA      │ 010          │ 02      │ ON      NM    │ 2007-07-20 │ 2025-12-30 │   4571 │          34075390.27 │ -- 34.08 million
 88. │ GGPS3  │ GPS          │ 010          │ 02      │ ON      NM    │ 2021-04-26 │ 2025-12-30 │   1171 │          33526102.99 │ -- 33.53 million
 89. │ PDGR3  │ PDG REALT    │ 010          │ 02      │ ON      NM    │ 2007-01-26 │ 2025-12-30 │   3544 │           33460901.6 │ -- 33.46 million
 90. │ CEAB3  │ CEA MODAS    │ 010          │ 02      │ ON      NM    │ 2019-10-28 │ 2025-12-30 │   1537 │          32418334.32 │ -- 32.42 million
 91. │ AMBP3  │ AMBIPAR      │ 010          │ 02      │ ON      NM    │ 2020-07-13 │ 2025-10-21 │   1317 │          31677586.93 │ -- 31.68 million
 92. │ DXCO3  │ DEXCO        │ 010          │ 02      │ ON      NM    │ 2021-08-19 │ 2025-12-30 │   1090 │          31519332.21 │ -- 31.52 million
 93. │ MOVI3  │ MOVIDA       │ 010          │ 02      │ ON      NM    │ 2017-02-08 │ 2025-12-30 │   2208 │          31446166.34 │ -- 31.45 million
 94. │ CBAV3  │ CBA          │ 010          │ 02      │ ON      NM    │ 2021-07-15 │ 2025-12-30 │   1115 │          31307411.27 │ -- 31.31 million
 95. │ STBP3  │ SANTOS BRP   │ 010          │ 02      │ ON      NM    │ 2016-08-22 │ 2025-10-02 │   2264 │          31297482.26 │ -- 31.30 million
 96. │ CURY3  │ CURY S/A     │ 010          │ 02      │ ON  ED  NM    │ 2020-09-21 │ 2025-12-30 │   1315 │          29800787.34 │ -- 29.80 million
 97. │ ECOR3  │ ECORODOVIAS  │ 010          │ 02      │ ON      NM    │ 2010-04-01 │ 2025-12-30 │   3907 │           29751107.4 │ -- 29.75 million
 98. │ FLRY3  │ FLEURY       │ 010          │ 02      │ ON      NM    │ 2009-12-17 │ 2025-12-30 │   3975 │          29060837.35 │ -- 29.06 million
 99. │ PSSA3  │ PORTO SEGURO │ 010          │ 02      │ ON      NM    │ 2004-11-22 │ 2025-12-30 │   5230 │          28037804.81 │ -- 28.04 million
100. │ SBFG3  │ GRUPO SBF    │ 010          │ 02      │ ON      NM    │ 2021-03-31 │ 2025-12-30 │   1187 │          27855919.81 │ -- 27.86 million
101. │ ENAT3  │ ENAUTA PART  │ 010          │ 02      │ ON      NM    │ 2019-04-24 │ 2024-07-31 │   1313 │          27429594.88 │ -- 27.43 million
102. │ GFSA3  │ GAFISA       │ 010          │ 02      │ ON      NM    │ 2006-02-17 │ 2025-12-30 │   4920 │          27273191.07 │ -- 27.27 million
103. │ SIMH3  │ SIMPAR       │ 010          │ 02      │ ON      NM    │ 2020-09-18 │ 2025-12-30 │   1316 │             27000288 │ -- 27.00 million
104. │ TEND3  │ TENDA        │ 010          │ 02      │ ON      NM    │ 2007-10-15 │ 2025-12-30 │   2722 │          24007422.79 │ -- 24.01 million
105. │ EZTC3  │ EZTEC        │ 010          │ 02      │ ON      NM    │ 2007-06-22 │ 2025-12-30 │   4590 │          23182858.59 │ -- 23.18 million
106. │ BPAN4  │ BANCO PAN    │ 010          │ 02      │ PN      N1    │ 2014-08-05 │ 2025-12-30 │   2832 │          22696158.62 │ -- 22.70 million
107. │ SLCE3  │ SLC AGRICOLA │ 010          │ 02      │ ON      NM    │ 2007-06-15 │ 2025-12-30 │   4595 │          22134863.61 │ -- 22.13 million
108. │ LIGT3  │ LIGHT S/A    │ 010          │ 02      │ ON *    NM    │ 2006-02-22 │ 2023-05-12 │   4258 │          21947191.62 │ -- 21.95 million
109. │ CSMG3  │ COPASA       │ 010          │ 02      │ ON      NM    │ 2006-02-08 │ 2025-12-30 │   4927 │          21123564.94 │ -- 21.12 million
110. │ LJQQ3  │ QUERO-QUERO  │ 010          │ 02      │ ON      NM    │ 2020-08-10 │ 2025-12-30 │   1344 │          20327629.09 │ -- 20.33 million
111. │ SMTO3  │ SAO MARTINHO │ 010          │ 02      │ ON      NM    │ 2007-02-12 │ 2025-12-30 │   4679 │          20226009.72 │ -- 20.23 million
112. │ ONCO3  │ ONCOCLINICAS │ 010          │ 02      │ ON      NM    │ 2021-08-10 │ 2025-12-30 │   1097 │          19946225.38 │ -- 19.95 million
113. │ MDIA3  │ M.DIASBRANCO │ 010          │ 02      │ ON      NM    │ 2006-10-18 │ 2025-12-30 │   4751 │          19627610.77 │ -- 19.63 million
114. │ HBSA3  │ HIDROVIAS    │ 010          │ 02      │ ON      NM    │ 2020-09-25 │ 2025-12-30 │   1311 │          18484286.16 │ -- 18.48 million
115. │ TRPL4  │ TRAN PAULIST │ 010          │ 02      │ PN *    N1    │ 1999-07-26 │ 2024-11-14 │   6275 │          18430722.33 │ -- 18.43 million
116. │ ALPA4  │ ALPARGATAS   │ 010          │ 02      │ PN *    N1    │ 1998-03-16 │ 2025-12-30 │   6283 │          17512923.43 │ -- 17.51 million
117. │ DIRR3  │ DIRECIONAL   │ 010          │ 02      │ ON      NM    │ 2009-11-19 │ 2025-12-30 │   3976 │          17382893.03 │ -- 17.38 million
118. │ ORVR3  │ ORIZON       │ 010          │ 02      │ ON      NM    │ 2021-02-17 │ 2025-12-30 │   1217 │          17130377.61 │ -- 17.13 million
119. │ TASA4  │ TAURUS ARMAS │ 010          │ 02      │ PN      N2    │ 2019-11-12 │ 2025-12-30 │   1526 │          16633582.07 │ -- 16.63 million
120. │ BRSR6  │ BANRISUL     │ 010          │ 02      │ PNB     N1    │ 2007-09-03 │ 2025-12-30 │   4540 │          16291870.04 │ -- 16.29 million
121. │ ALUP11 │ ALUPAR       │ 010          │ 02      │ UNT     N2    │ 2013-04-24 │ 2025-12-30 │   3149 │          16112754.86 │ -- 16.11 million
122. │ POMO4  │ MARCOPOLO    │ 010          │ 02      │ PN      N2    │ 2001-12-03 │ 2025-12-30 │   5953 │          16069081.36 │ -- 16.07 million
123. │ ANIM3  │ ANIMA        │ 010          │ 02      │ ON      NM    │ 2013-10-28 │ 2025-12-30 │   3019 │          15118321.15 │ -- 15.12 million
124. │ ODPV3  │ ODONTOPREV   │ 010          │ 02      │ ON      NM    │ 2006-12-01 │ 2025-12-30 │   4726 │           15095571.1 │ -- 15.10 million
125. │ SEQL3  │ SEQUOIA LOG  │ 010          │ 02      │ ON      NM    │ 2020-10-07 │ 2025-12-30 │   1198 │          14927123.21 │ -- 14.93 million
126. │ TTEN3  │ 3TENTOS      │ 010          │ 02      │ ON      NM    │ 2021-07-12 │ 2025-12-30 │   1118 │          14806004.58 │ -- 14.81 million
127. │ RAPT4  │ RANDON PART  │ 010          │ 02      │ PN  EJ  N1    │ 2001-06-26 │ 2025-12-30 │   6006 │          12996066.19 │ -- 13.00 million
128. │ MYPK3  │ IOCHP-MAXION │ 010          │ 02      │ ON *          │ 1998-12-08 │ 2025-12-30 │   4907 │          12631155.39 │ -- 12.63 million
129. │ RSID3  │ ROSSI RESID  │ 010          │ 02      │ ON      N1    │ 1998-03-16 │ 2022-09-20 │   4634 │          12123663.65 │ -- 12.12 million
130. │ AERI3  │ AERIS        │ 010          │ 02      │ ON      NM    │ 2020-11-11 │ 2025-12-30 │   1280 │          12087052.21 │ -- 12.09 million
131. │ ITUB3  │ ITAUUNIBANCO │ 010          │ 02      │ ON  EJ  N1    │ 2009-05-20 │ 2025-12-30 │   4120 │           11867687.2 │ -- 11.87 million
132. │ JHSF3  │ JHSF PART    │ 010          │ 02      │ ON      NM    │ 2007-04-12 │ 2025-12-30 │   4638 │          11326490.01 │ -- 11.33 million
133. │ CAML3  │ CAMIL        │ 010          │ 02      │ ON      NM    │ 2017-09-28 │ 2025-12-30 │   2049 │          10955068.86 │ -- 10.96 million
134. │ PORT3  │ WILSON SONS  │ 010          │ 02      │ ON            │ 2021-10-25 │ 2025-12-03 │   1028 │          10715640.57 │ -- 10.72 million
135. │ POSI3  │ POSITIVO INF │ 010          │ 02      │ ON      NM    │ 2006-12-11 │ 2025-12-30 │   4720 │           9967868.33 │ -- 9.97 million
136. │ AMAR3  │ LOJAS MARISA │ 010          │ 02      │ ON      NM    │ 2010-06-28 │ 2025-12-30 │   3847 │           9935814.94 │ -- 9.94 million
137. │ SEER3  │ SER EDUCA    │ 010          │ 02      │ ON      NM    │ 2013-10-29 │ 2025-12-30 │   3018 │           9807916.62 │ -- 9.81 million
138. │ BMOB3  │ BEMOBI TECH  │ 010          │ 02      │ ON      NM    │ 2021-02-10 │ 2025-12-30 │   1220 │           9777238.13 │ -- 9.78 million
139. │ DASA3  │ DASA         │ 010          │ 02      │ ON      NM    │ 2004-11-19 │ 2025-12-30 │   4556 │           9753275.04 │ -- 9.75 million
140. │ EVEN3  │ EVEN         │ 010          │ 02      │ ON      NM    │ 2007-04-02 │ 2025-12-30 │   4646 │            9716438.8 │ -- 9.72 million
141. │ OIBR3  │ OI           │ 010          │ 02      │ ON            │ 2012-04-09 │ 2023-03-02 │   1089 │            9638042.8 │ -- 9.64 million
142. │ ESPA3  │ ESPACOLASER  │ 010          │ 02      │ ON      NM    │ 2021-02-01 │ 2025-12-30 │   1227 │           9598075.58 │ -- 9.60 million
143. │ LOGG3  │ LOG COM PROP │ 010          │ 02      │ ON      NM    │ 2018-12-21 │ 2025-12-30 │   1747 │           9286852.96 │ -- 9.29 million
144. │ VLID3  │ VALID        │ 010          │ 02      │ ON  EJ  NM    │ 2010-11-10 │ 2025-12-30 │   3755 │           8739410.94 │ -- 8.74 million
145. │ ARML3  │ ARMAC        │ 010          │ 02      │ ON      NM    │ 2021-07-28 │ 2025-12-30 │   1106 │           8621391.83 │ -- 8.62 million
146. │ MILS3  │ MILLS        │ 010          │ 02      │ ON      NM    │ 2010-04-16 │ 2025-12-30 │   3897 │           8513689.01 │ -- 8.51 million
147. │ PLPL3  │ PLANOEPLANO  │ 010          │ 02      │ ON      NM    │ 2020-09-17 │ 2025-12-30 │   1317 │            8501995.1 │ -- 8.50 million
148. │ CPLE3  │ COPEL        │ 010          │ 02      │ ON *          │ 1998-03-16 │ 2025-12-30 │   6788 │           8383500.21 │ -- 8.38 million
149. │ BLAU3  │ BLAU         │ 010          │ 02      │ ON      NM    │ 2021-04-19 │ 2025-12-30 │   1175 │           8252354.36 │ -- 8.25 million
150. │ MEAL3  │ IMC S/A      │ 010          │ 02      │ ON      NM    │ 2015-03-31 │ 2025-12-30 │   2669 │           8208765.38 │ -- 8.21 million
     └─symbol─┴─company_name─┴─tipo_mercado─┴─cod_bdi─┴─specification─┴─first_date─┴──last_date─┴─n_days─┴─avg_financial_volume─┘
